# JRE version: OpenJDK Runtime Environment (11.0.8+10) (build 11.0.8+10-b944.6842174)
# Java VM: OpenJDK 64-Bit Server VM (11.0.8+10-b944.6842174, mixed mode, tiered, compressed oops, g1 gc, windows-amd64)
Heap:
 garbage-first heap   total 122880K, used 46079K [0x00000000a1e00000, 0x0000000100000000)
  region size 1024K, 23 young (23552K), 6 survivors (6144K)
 Metaspace       used 47028K, capacity 47596K, committed 47744K, reserved 1105920K
  class space    used 5507K, capacity 5751K, committed 5760K, reserved 1048576K
GC Heap History (10 events):
Event: 0.699 GC heap before
{Heap before GC invocations=0 (full 0):
 garbage-first heap   total 98304K, used 27648K [0x00000000a1e00000, 0x0000000100000000)
  region size 1024K, 24 young (24576K), 0 survivors (0K)
 Metaspace       used 12359K, capacity 12405K, committed 12544K, reserved 1060864K
  class space    used 1159K, capacity 1174K, committed 1280K, reserved 1048576K
}
Event: 0.705 GC heap after
{Heap after GC invocations=1 (full 0):
 garbage-first heap   total 98304K, used 5860K [0x00000000a1e00000, 0x0000000100000000)
  region size 1024K, 3 young (3072K), 3 survivors (3072K)
 Metaspace       used 12359K, capacity 12405K, committed 12544K, reserved 1060864K
  class space    used 1159K, capacity 1174K, committed 1280K, reserved 1048576K
}
Event: 1.584 GC heap before
{Heap before GC invocations=1 (full 0):
 garbage-first heap   total 98304K, used 41700K [0x00000000a1e00000, 0x0000000100000000)
  region size 1024K, 39 young (39936K), 3 survivors (3072K)
 Metaspace       used 20969K, capacity 21190K, committed 21248K, reserved 1069056K
  class space    used 2217K, capacity 2297K, committed 2304K, reserved 1048576K
}
Event: 1.601 GC heap after
{Heap after GC invocations=2 (full 0):
 garbage-first heap   total 98304K, used 9358K [0x00000000a1e00000, 0x0000000100000000)
  region size 1024K, 7 young (7168K), 7 survivors (7168K)
 Metaspace       used 20969K, capacity 21190K, committed 21248K, reserved 1069056K
  class space    used 2217K, capacity 2297K, committed 2304K, reserved 1048576K
}
Event: 2.573 GC heap before
{Heap before GC invocations=3 (full 0):
 garbage-first heap   total 98304K, used 60558K [0x00000000a1e00000, 0x0000000100000000)
  region size 1024K, 49 young (50176K), 7 survivors (7168K)
 Metaspace       used 29612K, capacity 30074K, committed 30336K, reserved 1075200K
  class space    used 3492K, capacity 3674K, committed 3712K, reserved 1048576K
}
Event: 2.596 GC heap after
{Heap after GC invocations=4 (full 0):
 garbage-first heap   total 98304K, used 23577K [0x00000000a1e00000, 0x0000000100000000)
  region size 1024K, 6 young (6144K), 6 survivors (6144K)
 Metaspace       used 29612K, capacity 30074K, committed 30336K, reserved 1075200K
  class space    used 3492K, capacity 3674K, committed 3712K, reserved 1048576K
}
Event: 3.174 GC heap before
{Heap before GC invocations=4 (full 0):
 garbage-first heap   total 98304K, used 54297K [0x00000000a1e00000, 0x0000000100000000)
  region size 1024K, 33 young (33792K), 6 survivors (6144K)
 Metaspace       used 34994K, capacity 35429K, committed 35584K, reserved 1081344K
  class space    used 4088K, capacity 4262K, committed 4352K, reserved 1048576K
}
Event: 3.194 GC heap after
{Heap after GC invocations=5 (full 0):
 garbage-first heap   total 98304K, used 24575K [0x00000000a1e00000, 0x0000000100000000)
  region size 1024K, 3 young (3072K), 3 survivors (3072K)
 Metaspace       used 34994K, capacity 35429K, committed 35584K, reserved 1081344K
  class space    used 4088K, capacity 4262K, committed 4352K, reserved 1048576K
}
Event: 4.033 GC heap before
{Heap before GC invocations=6 (full 0):
 garbage-first heap   total 98304K, used 65535K [0x00000000a1e00000, 0x0000000100000000)
  region size 1024K, 41 young (41984K), 3 survivors (3072K)
 Metaspace       used 43627K, capacity 44180K, committed 44288K, reserved 1087488K
  class space    used 5119K, capacity 5337K, committed 5376K, reserved 1048576K
}
Event: 4.051 GC heap after
{Heap after GC invocations=7 (full 0):
 garbage-first heap   total 122880K, used 29695K [0x00000000a1e00000, 0x0000000100000000)
  region size 1024K, 6 young (6144K), 6 survivors (6144K)
 Metaspace       used 43627K, capacity 44180K, committed 44288K, reserved 1087488K
  class space    used 5119K, capacity 5337K, committed 5376K, reserved 1048576K
}

