# JRE version: OpenJDK Runtime Environment (11.0.8+10) (build 11.0.8+10-b944.6842174)
# Java VM: OpenJDK 64-Bit Server VM (11.0.8+10-b944.6842174, mixed mode, tiered, compressed oops, g1 gc, windows-amd64)
Heap:
 garbage-first heap   total 172032K, used 94415K [0x0000000080000000, 0x0000000100000000)
  region size 1024K, 3 young (3072K), 3 survivors (3072K)
 Metaspace       used 89099K, capacity 90974K, committed 91260K, reserved 1128448K
  class space    used 11250K, capacity 11905K, committed 12032K, reserved 1048576K
GC Heap History (20 events):
Event: 39.086 GC heap after
{Heap after GC invocations=47 (full 0):
 garbage-first heap   total 118784K, used 90737K [0x0000000080000000, 0x0000000100000000)
  region size 1024K, 1 young (1024K), 1 survivors (1024K)
 Metaspace       used 81943K, capacity 83831K, committed 84092K, reserved 1122304K
  class space    used 10533K, capacity 11231K, committed 11264K, reserved 1048576K
}
Event: 39.302 GC heap before
{Heap before GC invocations=48 (full 0):
 garbage-first heap   total 118784K, used 100977K [0x0000000080000000, 0x0000000100000000)
  region size 1024K, 9 young (9216K), 1 survivors (1024K)
 Metaspace       used 82125K, capacity 84090K, committed 84348K, reserved 1122304K
  class space    used 10545K, capacity 11232K, committed 11264K, reserved 1048576K
}
Event: 39.308 GC heap after
{Heap after GC invocations=49 (full 0):
 garbage-first heap   total 118784K, used 93975K [0x0000000080000000, 0x0000000100000000)
  region size 1024K, 2 young (2048K), 2 survivors (2048K)
 Metaspace       used 82125K, capacity 84090K, committed 84348K, reserved 1122304K
  class space    used 10545K, capacity 11232K, committed 11264K, reserved 1048576K
}
Event: 39.332 GC heap before
{Heap before GC invocations=49 (full 0):
 garbage-first heap   total 118784K, used 97047K [0x0000000080000000, 0x0000000100000000)
  region size 1024K, 5 young (5120K), 2 survivors (2048K)
 Metaspace       used 82128K, capacity 84090K, committed 84348K, reserved 1122304K
  class space    used 10545K, capacity 11232K, committed 11264K, reserved 1048576K
}
Event: 39.337 GC heap after
{Heap after GC invocations=50 (full 0):
 garbage-first heap   total 118784K, used 93147K [0x0000000080000000, 0x0000000100000000)
  region size 1024K, 1 young (1024K), 1 survivors (1024K)
 Metaspace       used 82128K, capacity 84090K, committed 84348K, reserved 1122304K
  class space    used 10545K, capacity 11232K, committed 11264K, reserved 1048576K
}
Event: 39.369 GC heap before
{Heap before GC invocations=50 (full 0):
 garbage-first heap   total 118784K, used 99291K [0x0000000080000000, 0x0000000100000000)
  region size 1024K, 7 young (7168K), 1 survivors (1024K)
 Metaspace       used 82128K, capacity 84090K, committed 84348K, reserved 1122304K
  class space    used 10545K, capacity 11232K, committed 11264K, reserved 1048576K
}
Event: 39.372 GC heap after
{Heap after GC invocations=51 (full 0):
 garbage-first heap   total 118784K, used 93946K [0x0000000080000000, 0x0000000100000000)
  region size 1024K, 1 young (1024K), 1 survivors (1024K)
 Metaspace       used 82128K, capacity 84090K, committed 84348K, reserved 1122304K
  class space    used 10545K, capacity 11232K, committed 11264K, reserved 1048576K
}
Event: 39.504 GC heap before
{Heap before GC invocations=51 (full 0):
 garbage-first heap   total 118784K, used 100090K [0x0000000080000000, 0x0000000100000000)
  region size 1024K, 7 young (7168K), 1 survivors (1024K)
 Metaspace       used 82240K, capacity 84189K, committed 84476K, reserved 1122304K
  class space    used 10563K, capacity 11265K, committed 11392K, reserved 1048576K
}
Event: 39.510 GC heap after
{Heap after GC invocations=52 (full 0):
 garbage-first heap   total 143360K, used 94487K [0x0000000080000000, 0x0000000100000000)
  region size 1024K, 1 young (1024K), 1 survivors (1024K)
 Metaspace       used 82240K, capacity 84189K, committed 84476K, reserved 1122304K
  class space    used 10563K, capacity 11265K, committed 11392K, reserved 1048576K
}
Event: 40.903 GC heap before
{Heap before GC invocations=53 (full 0):
 garbage-first heap   total 143360K, used 110871K [0x0000000080000000, 0x0000000100000000)
  region size 1024K, 17 young (17408K), 1 survivors (1024K)
 Metaspace       used 84922K, capacity 86871K, committed 87036K, reserved 1124352K
  class space    used 10889K, capacity 11561K, committed 11648K, reserved 1048576K
}
Event: 40.907 GC heap after
{Heap after GC invocations=54 (full 0):
 garbage-first heap   total 143360K, used 95142K [0x0000000080000000, 0x0000000100000000)
  region size 1024K, 2 young (2048K), 2 survivors (2048K)
 Metaspace       used 84922K, capacity 86871K, committed 87036K, reserved 1124352K
  class space    used 10889K, capacity 11561K, committed 11648K, reserved 1048576K
}
Event: 41.155 GC heap before
{Heap before GC invocations=54 (full 0):
 garbage-first heap   total 143360K, used 100262K [0x0000000080000000, 0x0000000100000000)
  region size 1024K, 9 young (9216K), 2 survivors (2048K)
 Metaspace       used 85003K, capacity 86935K, committed 87036K, reserved 1124352K
  class space    used 10894K, capacity 11561K, committed 11648K, reserved 1048576K
}
Event: 41.164 GC heap after
{Heap after GC invocations=55 (full 0):
 garbage-first heap   total 143360K, used 99657K [0x0000000080000000, 0x0000000100000000)
  region size 1024K, 3 young (3072K), 3 survivors (3072K)
 Metaspace       used 85003K, capacity 86935K, committed 87036K, reserved 1124352K
  class space    used 10894K, capacity 11561K, committed 11648K, reserved 1048576K
}
Event: 41.533 GC heap before
{Heap before GC invocations=56 (full 0):
 garbage-first heap   total 143360K, used 129353K [0x0000000080000000, 0x0000000100000000)
  region size 1024K, 18 young (18432K), 3 survivors (3072K)
 Metaspace       used 87262K, capacity 89115K, committed 89212K, reserved 1126400K
  class space    used 11088K, capacity 11766K, committed 11776K, reserved 1048576K
}
Event: 41.542 GC heap after
{Heap after GC invocations=57 (full 0):
 garbage-first heap   total 143360K, used 99768K [0x0000000080000000, 0x0000000100000000)
  region size 1024K, 2 young (2048K), 2 survivors (2048K)
 Metaspace       used 87262K, capacity 89115K, committed 89212K, reserved 1126400K
  class space    used 11088K, capacity 11766K, committed 11776K, reserved 1048576K
}
Event: 41.606 GC heap before
{Heap before GC invocations=57 (full 0):
 garbage-first heap   total 143360K, used 104888K [0x0000000080000000, 0x0000000100000000)
  region size 1024K, 7 young (7168K), 2 survivors (2048K)
 Metaspace       used 88073K, capacity 89901K, committed 90108K, reserved 1128448K
  class space    used 11171K, capacity 11833K, committed 11904K, reserved 1048576K
}
Event: 41.610 GC heap after
{Heap after GC invocations=58 (full 0):
 garbage-first heap   total 143360K, used 99469K [0x0000000080000000, 0x0000000100000000)
  region size 1024K, 1 young (1024K), 1 survivors (1024K)
 Metaspace       used 88073K, capacity 89901K, committed 90108K, reserved 1128448K
  class space    used 11171K, capacity 11833K, committed 11904K, reserved 1048576K
}
Event: 41.819 GC heap before
{Heap before GC invocations=58 (full 0):
 garbage-first heap   total 143360K, used 115853K [0x0000000080000000, 0x0000000100000000)
  region size 1024K, 17 young (17408K), 1 survivors (1024K)
 Metaspace       used 88916K, capacity 90808K, committed 90876K, reserved 1128448K
  class space    used 11241K, capacity 11900K, committed 11904K, reserved 1048576K
}
Event: 41.825 GC heap after
{Heap after GC invocations=59 (full 0):
 garbage-first heap   total 143360K, used 101316K [0x0000000080000000, 0x0000000100000000)
  region size 1024K, 3 young (3072K), 3 survivors (3072K)
 Metaspace       used 88916K, capacity 90808K, committed 90876K, reserved 1128448K
  class space    used 11241K, capacity 11900K, committed 11904K, reserved 1048576K
}
Event: 42.089 GC heap before
{Heap before GC invocations=60 (full 0):
 garbage-first heap   total 143360K, used 107460K [0x0000000080000000, 0x0000000100000000)
  region size 1024K, 18 young (18432K), 3 survivors (3072K)
 Metaspace       used 89099K, capacity 90974K, committed 91260K, reserved 1128448K
  class space    used 11250K, capacity 11905K, committed 12032K, reserved 1048576K
}

