# JRE version: OpenJDK Runtime Environment (11.0.8+10) (build 11.0.8+10-b944.6842174)
# Java VM: OpenJDK 64-Bit Server VM (11.0.8+10-b944.6842174, mixed mode, tiered, compressed oops, g1 gc, windows-amd64)
Heap:
 garbage-first heap   total 98304K, used 59875K [0x0000000080000000, 0x0000000100000000)
  region size 1024K, 41 young (41984K), 5 survivors (5120K)
 Metaspace       used 42301K, capacity 43239K, committed 43388K, reserved 1087488K
  class space    used 5436K, capacity 5774K, committed 5888K, reserved 1048576K
GC Heap History (14 events):
Event: 1.341 GC heap before
{Heap before GC invocations=0 (full 0):
 garbage-first heap   total 98304K, used 29696K [0x0000000080000000, 0x0000000100000000)
  region size 1024K, 24 young (24576K), 0 survivors (0K)
 Metaspace       used 10698K, capacity 10996K, committed 11264K, reserved 1058816K
  class space    used 1130K, capacity 1200K, committed 1280K, reserved 1048576K
}
Event: 1.352 GC heap after
{Heap after GC invocations=1 (full 0):
 garbage-first heap   total 98304K, used 9309K [0x0000000080000000, 0x0000000100000000)
  region size 1024K, 3 young (3072K), 3 survivors (3072K)
 Metaspace       used 10698K, capacity 10996K, committed 11264K, reserved 1058816K
  class space    used 1130K, capacity 1200K, committed 1280K, reserved 1048576K
}
Event: 3.212 GC heap before
{Heap before GC invocations=1 (full 0):
 garbage-first heap   total 98304K, used 64605K [0x0000000080000000, 0x0000000100000000)
  region size 1024K, 57 young (58368K), 3 survivors (3072K)
 Metaspace       used 16240K, capacity 16676K, committed 16896K, reserved 1064960K
  class space    used 1858K, capacity 1991K, committed 2048K, reserved 1048576K
}
Event: 3.219 GC heap after
{Heap after GC invocations=2 (full 0):
 garbage-first heap   total 98304K, used 14657K [0x0000000080000000, 0x0000000100000000)
  region size 1024K, 8 young (8192K), 8 survivors (8192K)
 Metaspace       used 16240K, capacity 16676K, committed 16896K, reserved 1064960K
  class space    used 1858K, capacity 1991K, committed 2048K, reserved 1048576K
}
Event: 4.008 GC heap before
{Heap before GC invocations=2 (full 0):
 garbage-first heap   total 98304K, used 44353K [0x0000000080000000, 0x0000000100000000)
  region size 1024K, 38 young (38912K), 8 survivors (8192K)
 Metaspace       used 20573K, capacity 21127K, committed 21296K, reserved 1069056K
  class space    used 2518K, capacity 2680K, committed 2688K, reserved 1048576K
}
Event: 4.016 GC heap after
{Heap after GC invocations=3 (full 0):
 garbage-first heap   total 98304K, used 16164K [0x0000000080000000, 0x0000000100000000)
  region size 1024K, 2 young (2048K), 2 survivors (2048K)
 Metaspace       used 20573K, capacity 21127K, committed 21296K, reserved 1069056K
  class space    used 2518K, capacity 2680K, committed 2688K, reserved 1048576K
}
Event: 4.871 GC heap before
{Heap before GC invocations=4 (full 0):
 garbage-first heap   total 98304K, used 54052K [0x0000000080000000, 0x0000000100000000)
  region size 1024K, 40 young (40960K), 2 survivors (2048K)
 Metaspace       used 25056K, capacity 25772K, committed 26032K, reserved 1071104K
  class space    used 3234K, capacity 3464K, committed 3584K, reserved 1048576K
}
Event: 4.874 GC heap after
{Heap after GC invocations=5 (full 0):
 garbage-first heap   total 98304K, used 17664K [0x0000000080000000, 0x0000000100000000)
  region size 1024K, 3 young (3072K), 3 survivors (3072K)
 Metaspace       used 25056K, capacity 25772K, committed 26032K, reserved 1071104K
  class space    used 3234K, capacity 3464K, committed 3584K, reserved 1048576K
}
Event: 5.877 GC heap before
{Heap before GC invocations=5 (full 0):
 garbage-first heap   total 98304K, used 60672K [0x0000000080000000, 0x0000000100000000)
  region size 1024K, 45 young (46080K), 3 survivors (3072K)
 Metaspace       used 30215K, capacity 30870K, committed 31152K, reserved 1077248K
  class space    used 4029K, capacity 4292K, committed 4352K, reserved 1048576K
}
Event: 5.882 GC heap after
{Heap after GC invocations=6 (full 0):
 garbage-first heap   total 98304K, used 19258K [0x0000000080000000, 0x0000000100000000)
  region size 1024K, 5 young (5120K), 5 survivors (5120K)
 Metaspace       used 30215K, capacity 30870K, committed 31152K, reserved 1077248K
  class space    used 4029K, capacity 4292K, committed 4352K, reserved 1048576K
}
Event: 6.349 GC heap before
{Heap before GC invocations=6 (full 0):
 garbage-first heap   total 98304K, used 34618K [0x0000000080000000, 0x0000000100000000)
  region size 1024K, 21 young (21504K), 5 survivors (5120K)
 Metaspace       used 34937K, capacity 35664K, committed 35708K, reserved 1081344K
  class space    used 4545K, capacity 4850K, committed 4864K, reserved 1048576K
}
Event: 6.358 GC heap after
{Heap after GC invocations=7 (full 0):
 garbage-first heap   total 98304K, used 21263K [0x0000000080000000, 0x0000000100000000)
  region size 1024K, 4 young (4096K), 4 survivors (4096K)
 Metaspace       used 34937K, capacity 35664K, committed 35708K, reserved 1081344K
  class space    used 4545K, capacity 4850K, committed 4864K, reserved 1048576K
}
Event: 7.776 GC heap before
{Heap before GC invocations=8 (full 0):
 garbage-first heap   total 98304K, used 66319K [0x0000000080000000, 0x0000000100000000)
  region size 1024K, 45 young (46080K), 4 survivors (4096K)
 Metaspace       used 39892K, capacity 40809K, committed 40828K, reserved 1085440K
  class space    used 5064K, capacity 5361K, committed 5376K, reserved 1048576K
}
Event: 7.785 GC heap after
{Heap after GC invocations=9 (full 0):
 garbage-first heap   total 98304K, used 24035K [0x0000000080000000, 0x0000000100000000)
  region size 1024K, 5 young (5120K), 5 survivors (5120K)
 Metaspace       used 39892K, capacity 40809K, committed 40828K, reserved 1085440K
  class space    used 5064K, capacity 5361K, committed 5376K, reserved 1048576K
}

